<?xml version="1.0" encoding="UTF-8"?>
<testng-results skipped="0" failed="0" ignored="0" total="1" passed="1">
  <reporter-output>
  </reporter-output>
  <suite name="Default suite" duration-ms="2404" started-at="2020-03-03T11:10:59 MSK" finished-at="2020-03-03T11:11:02 MSK">
    <groups>
    </groups>
    <test name="Default test" duration-ms="2404" started-at="2020-03-03T11:10:59 MSK" finished-at="2020-03-03T11:11:02 MSK">
      <class name="WebservicesTestcases.TC1_GET_Request">
        <test-method status="PASS" signature="getWeatherDetials()[pri:0, instance:WebservicesTestcases.TC1_GET_Request@4f063c0a]" name="getWeatherDetials" duration-ms="2356" started-at="2020-03-03T11:10:59 MSK" finished-at="2020-03-03T11:11:02 MSK">
          <reporter-output>
          </reporter-output>
        </test-method> <!-- getWeatherDetials -->
      </class> <!-- WebservicesTestcases.TC1_GET_Request -->
    </test> <!-- Default test -->
  </suite> <!-- Default suite -->
</testng-results>
